<?xml version="1.0" encoding="UTF-8"?>
<!-- Generated by org.testng.reporters.JUnitReportReporter -->
<testsuite skipped="0" hostname="pc-PC" name="com.qa.auto.testcases.Test1" tests="1" failures="0" timestamp="2021-02-08T11:50:14 IST" time="53.926" errors="0">
  <testcase name="A" time="53.926" classname="com.qa.auto.testcases.Test1"/>
</testsuite> <!-- com.qa.auto.testcases.Test1 -->
